10:20:25 [main] INFO   - Company LLC{shareHoldersAmount=12, AbstractCompany{name='OOO Minsk', assets=520.0, liabilities=250.0}} was successfully created.
10:20:25 [main] ERROR  - domain.exception.NoSubsidiaryBankException: CommercialBank{requiredReserves=null, AbstractBank{name='FastBank', assets=555555.0, liabilities=43434.0, licencedUntil=null, subsidiaryBanks=null, BIC='null'}} has no subsidiaries.
10:20:25 [main] INFO   - getSubsidiaryBanks() used.
10:20:25 [main] INFO   - Is company OOO Minsk allowed to borrow 260.0 from a bank FastBank: true
10:20:25 [main] INFO   - Current key rate: 1.5
10:20:25 [main] INFO   - Current inflation: 5.3
10:20:25 [main] INFO   - Central bank meeting occurred.
10:20:25 [main] INFO   - Current key rate: 2.0
10:20:25 [main] INFO   - AbstractExchange{licencedUntil=2027-08-05T10:20:25.914287600, reservesRequired=0.02}
10:20:25 [main] INFO   - MutualFund{NAV=100000.0, AbstractFund{name='Vanguard', assets=100000.0}}
10:20:25 [main] INFO   - Big investment bank: InvestmentBank{aum=165498491.0, tradingFee=0.025, AbstractBank{name='Sachs', assets=164545645, liabilities=199123.0, licencedUntil=2027-08-05T10:20:25.918287900, subsidiaryBanks=[InvestmentBank{aum=65498491.0, tradingFee=0.025, AbstractBank{name='Goldman', assets=64545645.0, liabilities=99123.0, licencedUntil=2027-08-05T10:20:25.918287900, subsidiaryBanks=null, BIC='null'}}], BIC='null'}}
10:20:25 [main] INFO   - It's subsidiary: InvestmentBank{aum=65498491.0, tradingFee=0.025, AbstractBank{name='Goldman', assets=64545645.0, liabilities=99123.0, licencedUntil=2027-08-05T10:20:25.918287900, subsidiaryBanks=null, BIC='null'}}
10:20:25 [main] INFO   - MortgageBank{marginFractionRequirement=0.2, CommercialBank{requiredReserves=0.05, AbstractBank{name='Everyhome', assets=15654, liabilities=2222.0, licencedUntil=2027-08-05T10:20:25.918287900, subsidiaryBanks=null, BIC='null'}}}
10:20:25 [main] INFO   - All the banks in financial system: [CommercialBank{requiredReserves=null, AbstractBank{name='FastBank', assets=555555.0, liabilities=43434.0, licencedUntil=2024-08-05T10:20:25.907287200, subsidiaryBanks=null, BIC='null'}}, InsuranceBank{CommercialBank{requiredReserves=0.03, AbstractBank{name='InsurAce', assets=null, liabilities=null, licencedUntil=2027-08-05T10:20:25.918287900, subsidiaryBanks=null, BIC='null'}}}, InvestmentBank{aum=65498491.0, tradingFee=0.025, AbstractBank{name='Goldman', assets=64545645.0, liabilities=99123.0, licencedUntil=2027-08-05T10:20:25.918287900, subsidiaryBanks=null, BIC='null'}}, InvestmentBank{aum=165498491.0, tradingFee=0.025, AbstractBank{name='Sachs', assets=164545645, liabilities=199123.0, licencedUntil=2027-08-05T10:20:25.918287900, subsidiaryBanks=[InvestmentBank{aum=65498491.0, tradingFee=0.025, AbstractBank{name='Goldman', assets=64545645.0, liabilities=99123.0, licencedUntil=2027-08-05T10:20:25.918287900, subsidiaryBanks=null, BIC='null'}}], BIC='null'}}, MortgageBank{marginFractionRequirement=0.2, CommercialBank{requiredReserves=0.05, AbstractBank{name='Everyhome', assets=15654, liabilities=2222.0, licencedUntil=2027-08-05T10:20:25.918287900, subsidiaryBanks=null, BIC='null'}}}]

10:20:25 [main] INFO   - LLC shareholders meeting with a size of 12
10:20:25 [main] INFO   - CommercialBank{requiredReserves=null, AbstractBank{name='FastBank', assets=555555.0, liabilities=43434.0, licencedUntil=2026-08-05T10:20:25.907287200, subsidiaryBanks=null, BIC='null'}}
Licence extended.
10:20:25 [main] INFO   - InsuranceBank{CommercialBank{requiredReserves=0.03, AbstractBank{name='InsurAce', assets=null, liabilities=null, licencedUntil=2029-08-05T10:20:25.918287900, subsidiaryBanks=null, BIC='null'}}}
Licence extended.
10:20:25 [main] INFO   - InvestmentBank{aum=65498491.0, tradingFee=0.025, AbstractBank{name='Goldman', assets=64545645.0, liabilities=99123.0, licencedUntil=2029-08-05T10:20:25.918287900, subsidiaryBanks=null, BIC='null'}}
Licence extended.
10:20:25 [main] INFO   - InvestmentBank{aum=165498491.0, tradingFee=0.025, AbstractBank{name='Sachs', assets=164545645, liabilities=199123.0, licencedUntil=2029-08-05T10:20:25.918287900, subsidiaryBanks=[InvestmentBank{aum=65498491.0, tradingFee=0.025, AbstractBank{name='Goldman', assets=64545645.0, liabilities=99123.0, licencedUntil=2029-08-05T10:20:25.918287900, subsidiaryBanks=null, BIC='null'}}], BIC='null'}}
Licence extended.
10:20:25 [main] INFO   - MortgageBank{marginFractionRequirement=0.2, CommercialBank{requiredReserves=0.05, AbstractBank{name='Everyhome', assets=15654, liabilities=2222.0, licencedUntil=2032-08-05T10:20:25.918287900, subsidiaryBanks=null, BIC='null'}}}
Licence extended.
10:20:25 [main] INFO   - InvestmentBank{aum=65498491.0, tradingFee=0.025, AbstractBank{name='Goldman', assets=64545645.0, liabilities=99123.0, licencedUntil=2029-08-05T10:20:25.918287900, subsidiaryBanks=null, BIC='null'}}
Reported AUM: 65498491.0
10:20:25 [main] INFO   - InvestmentBank{aum=165498491.0, tradingFee=0.025, AbstractBank{name='Sachs', assets=164545645, liabilities=199123.0, licencedUntil=2029-08-05T10:20:25.918287900, subsidiaryBanks=[InvestmentBank{aum=65498491.0, tradingFee=0.025, AbstractBank{name='Goldman', assets=64545645.0, liabilities=99123.0, licencedUntil=2029-08-05T10:20:25.918287900, subsidiaryBanks=null, BIC='null'}}], BIC='null'}}
Reported AUM: 165498491.0
10:20:25 [main] ERROR  - java.rmi.UnexpectedException: No conference members.
10:20:25 [main] INFO   - holdConference() called.
10:29:48 [main] INFO   - Company LLC{shareHoldersAmount=12, AbstractCompany{name='OOO Minsk', assets=520.0, liabilities=250.0}} was successfully created.
10:30:09 [main] INFO   - Company LLC{shareHoldersAmount=12, AbstractCompany{name='OOO Minsk', assets=520.0, liabilities=250.0}} was successfully created.
10:30:09 [main] INFO   - Is company OOO Minsk allowed to borrow 260.0 from a bank FastBank: true
10:30:09 [main] INFO   - Current key rate: 1.5
10:30:09 [main] INFO   - Current inflation: 5.3
10:30:09 [main] INFO   - Central bank meeting occurred.
10:30:09 [main] INFO   - Current key rate: 2.0
10:30:09 [main] INFO   - AbstractExchange{licencedUntil=2027-08-05T10:30:09.887689, reservesRequired=0.02}
10:30:09 [main] INFO   - MutualFund{NAV=100000.0, AbstractFund{name='Vanguard', assets=100000.0}}
10:30:09 [main] INFO   - Big investment bank: InvestmentBank{aum=165498491.0, tradingFee=0.025, AbstractBank{name='Sachs', assets=164545645, liabilities=199123.0, licencedUntil=2027-08-05T10:30:09.892689300, subsidiaryBanks=[InvestmentBank{aum=65498491.0, tradingFee=0.025, AbstractBank{name='Goldman', assets=64545645.0, liabilities=99123.0, licencedUntil=2027-08-05T10:30:09.892689300, subsidiaryBanks=null, BIC='null'}}], BIC='null'}}
10:30:09 [main] INFO   - It's subsidiary: InvestmentBank{aum=65498491.0, tradingFee=0.025, AbstractBank{name='Goldman', assets=64545645.0, liabilities=99123.0, licencedUntil=2027-08-05T10:30:09.892689300, subsidiaryBanks=null, BIC='null'}}
10:30:09 [main] INFO   - MortgageBank{marginFractionRequirement=0.2, CommercialBank{requiredReserves=0.05, AbstractBank{name='Everyhome', assets=15654, liabilities=2222.0, licencedUntil=2027-08-05T10:30:09.893689300, subsidiaryBanks=null, BIC='null'}}}
10:30:09 [main] INFO   - All the banks in financial system: [CommercialBank{requiredReserves=null, AbstractBank{name='FastBank', assets=555555.0, liabilities=43434.0, licencedUntil=2024-08-05T10:30:09.881688700, subsidiaryBanks=null, BIC='null'}}, InsuranceBank{CommercialBank{requiredReserves=0.03, AbstractBank{name='InsurAce', assets=null, liabilities=null, licencedUntil=2027-08-05T10:30:09.892689300, subsidiaryBanks=null, BIC='null'}}}, InvestmentBank{aum=65498491.0, tradingFee=0.025, AbstractBank{name='Goldman', assets=64545645.0, liabilities=99123.0, licencedUntil=2027-08-05T10:30:09.892689300, subsidiaryBanks=null, BIC='null'}}, InvestmentBank{aum=165498491.0, tradingFee=0.025, AbstractBank{name='Sachs', assets=164545645, liabilities=199123.0, licencedUntil=2027-08-05T10:30:09.892689300, subsidiaryBanks=[InvestmentBank{aum=65498491.0, tradingFee=0.025, AbstractBank{name='Goldman', assets=64545645.0, liabilities=99123.0, licencedUntil=2027-08-05T10:30:09.892689300, subsidiaryBanks=null, BIC='null'}}], BIC='null'}}, MortgageBank{marginFractionRequirement=0.2, CommercialBank{requiredReserves=0.05, AbstractBank{name='Everyhome', assets=15654, liabilities=2222.0, licencedUntil=2027-08-05T10:30:09.893689300, subsidiaryBanks=null, BIC='null'}}}]

10:30:09 [main] INFO   - LLC shareholders meeting with a size of 12
10:30:09 [main] INFO   - InvestmentBank{aum=65498491.0, tradingFee=0.025, AbstractBank{name='Goldman', assets=64545645.0, liabilities=99123.0, licencedUntil=2029-08-05T10:30:09.892689300, subsidiaryBanks=null, BIC='null'}}
Reported AUM: 65498491.0
10:30:09 [main] INFO   - InvestmentBank{aum=165498491.0, tradingFee=0.025, AbstractBank{name='Sachs', assets=164545645, liabilities=199123.0, licencedUntil=2029-08-05T10:30:09.892689300, subsidiaryBanks=[InvestmentBank{aum=65498491.0, tradingFee=0.025, AbstractBank{name='Goldman', assets=64545645.0, liabilities=99123.0, licencedUntil=2029-08-05T10:30:09.892689300, subsidiaryBanks=null, BIC='null'}}], BIC='null'}}
Reported AUM: 165498491.0
10:30:09 [main] ERROR  - java.rmi.UnexpectedException: No conference members.
10:30:09 [main] INFO   - holdConference() called.
17:47:47 [main] INFO   - Company LLC{shareHoldersAmount=12, AbstractCompany{name='OOO Minsk', assets=520.0, liabilities=250.0}} was successfully created.
17:47:47 [main] INFO   - Is company OOO Minsk allowed to borrow 260.0 from a bank FastBank: true
17:47:47 [main] INFO   - Current key rate: 1.5
17:47:47 [main] INFO   - Current inflation: 5.3
17:47:47 [main] INFO   - Central bank meeting occurred.
17:47:47 [main] INFO   - Current key rate: 2.0
17:47:47 [main] INFO   - AbstractExchange{licencedUntil=2027-08-08T17:47:47.469334, reservesRequired=0.02}
17:47:47 [main] INFO   - MutualFund{NAV=100000.0, AbstractFund{name='Vanguard', assets=100000.0}}
17:47:47 [main] INFO   - Big investment bank: InvestmentBank{aum=165498491.0, tradingFee=0.025, AbstractBank{name='Sachs', assets=164545645, liabilities=199123.0, licencedUntil=2027-08-08T17:47:47.473334200, subsidiaryBanks=[InvestmentBank{aum=65498491.0, tradingFee=0.025, AbstractBank{name='Goldman', assets=64545645.0, liabilities=99123.0, licencedUntil=2027-08-08T17:47:47.473334200, subsidiaryBanks=null, BIC='null'}}], BIC='null'}}
17:47:47 [main] INFO   - It's subsidiary: InvestmentBank{aum=65498491.0, tradingFee=0.025, AbstractBank{name='Goldman', assets=64545645.0, liabilities=99123.0, licencedUntil=2027-08-08T17:47:47.473334200, subsidiaryBanks=null, BIC='null'}}
17:47:47 [main] INFO   - MortgageBank{marginFractionRequirement=0.2, CommercialBank{requiredReserves=0.05, AbstractBank{name='Everyhome', assets=15654, liabilities=2222.0, licencedUntil=2027-08-08T17:47:47.473334200, subsidiaryBanks=null, BIC='null'}}}
17:47:47 [main] INFO   - All the banks in financial system: [CommercialBank{requiredReserves=null, AbstractBank{name='FastBank', assets=555555.0, liabilities=43434.0, licencedUntil=2024-08-08T17:47:47.462333600, subsidiaryBanks=null, BIC='null'}}, InsuranceBank{CommercialBank{requiredReserves=0.03, AbstractBank{name='InsurAce', assets=null, liabilities=null, licencedUntil=2027-08-08T17:47:47.473334200, subsidiaryBanks=null, BIC='null'}}}, InvestmentBank{aum=65498491.0, tradingFee=0.025, AbstractBank{name='Goldman', assets=64545645.0, liabilities=99123.0, licencedUntil=2027-08-08T17:47:47.473334200, subsidiaryBanks=null, BIC='null'}}, InvestmentBank{aum=165498491.0, tradingFee=0.025, AbstractBank{name='Sachs', assets=164545645, liabilities=199123.0, licencedUntil=2027-08-08T17:47:47.473334200, subsidiaryBanks=[InvestmentBank{aum=65498491.0, tradingFee=0.025, AbstractBank{name='Goldman', assets=64545645.0, liabilities=99123.0, licencedUntil=2027-08-08T17:47:47.473334200, subsidiaryBanks=null, BIC='null'}}], BIC='null'}}, MortgageBank{marginFractionRequirement=0.2, CommercialBank{requiredReserves=0.05, AbstractBank{name='Everyhome', assets=15654, liabilities=2222.0, licencedUntil=2027-08-08T17:47:47.473334200, subsidiaryBanks=null, BIC='null'}}}]

17:47:47 [main] INFO   - LLC shareholders meeting with a size of 12
17:47:47 [main] INFO   - InvestmentBank{aum=65498491.0, tradingFee=0.025, AbstractBank{name='Goldman', assets=64545645.0, liabilities=99123.0, licencedUntil=2029-08-08T17:47:47.473334200, subsidiaryBanks=null, BIC='null'}}
Reported AUM: 65498491.0
17:47:47 [main] INFO   - InvestmentBank{aum=165498491.0, tradingFee=0.025, AbstractBank{name='Sachs', assets=164545645, liabilities=199123.0, licencedUntil=2029-08-08T17:47:47.473334200, subsidiaryBanks=[InvestmentBank{aum=65498491.0, tradingFee=0.025, AbstractBank{name='Goldman', assets=64545645.0, liabilities=99123.0, licencedUntil=2029-08-08T17:47:47.473334200, subsidiaryBanks=null, BIC='null'}}], BIC='null'}}
Reported AUM: 165498491.0
17:47:47 [main] ERROR  - java.rmi.UnexpectedException: No conference members.
17:47:47 [main] INFO   - holdConference() called.
